<?xml version="1.0" encoding="UTF-8"?>
<!-- Generated by org.testng.reporters.JUnitReportReporter -->
<testsuite hostname="DESKTOP-5CSA4IP" name="assignmenttrip.VerifyAmaonLogin" tests="1" failures="0" timestamp="2 Feb 2020 05:49:40 GMT" time="72.778" errors="0">
  <testcase name="verifyvalidlogin" time="72.778" classname="assignmenttrip.VerifyAmaonLogin"/>
</testsuite> <!-- assignmenttrip.VerifyAmaonLogin -->
