<?xml version="1.0" encoding="UTF-8"?>
<!-- Generated by org.testng.reporters.JUnitReportReporter -->
<testsuite hostname="DESKTOP-5CSA4IP" name="assignmenttrip.Amajon" tests="1" failures="0" timestamp="2 Feb 2020 04:38:15 GMT" time="67.203" errors="0">
  <testcase name="LoginAmajon" time="67.203" classname="assignmenttrip.Amajon"/>
</testsuite> <!-- assignmenttrip.Amajon -->
